0 info it worked if it ends with ok
1 verbose cli [ '/home/ubuntu/.nvm/versions/node/v4.6.1/bin/node',
1 verbose cli   '/home/ubuntu/.nvm/versions/node/v4.6.1/bin/npm',
1 verbose cli   'install',
1 verbose cli   'dotev',
1 verbose cli   '--save' ]
2 info using npm@2.15.9
3 info using node@v4.6.1
4 verbose install initial load of /home/ubuntu/workspace/url_shortener/package.json
5 warn package.json url_shortener@1.0.0 No README data
6 verbose installManyTop reading scoped package data from /home/ubuntu/workspace/url_shortener/node_modules/cur.lv/package.json
7 verbose installManyTop reading scoped package data from /home/ubuntu/workspace/url_shortener/node_modules/express/package.json
8 verbose installManyTop reading scoped package data from /home/ubuntu/workspace/url_shortener/node_modules/express-redirect/package.json
9 verbose installManyTop reading scoped package data from /home/ubuntu/workspace/url_shortener/node_modules/mongodb/package.json
10 verbose installManyTop reading scoped package data from /home/ubuntu/workspace/url_shortener/node_modules/node/package.json
11 verbose installManyTop reading scoped package data from /home/ubuntu/workspace/url_shortener/node_modules/request/package.json
12 verbose installManyTop reading scoped package data from /home/ubuntu/workspace/url_shortener/node_modules/url-exists/package.json
13 verbose installManyTop reading scoped package data from /home/ubuntu/workspace/url_shortener/node_modules/url-valid/package.json
14 verbose installManyTop reading scoped package data from /home/ubuntu/workspace/url_shortener/node_modules/valid-url/package.json
15 info package.json node@0.0.0 No description
16 info package.json node@0.0.0 No repository field.
17 info package.json node@0.0.0 No README data
18 info package.json node@0.0.0 No license field.
19 info package.json valid-url@1.0.9 No license field.
20 info package.json cur.lv@1.0.0 No repository field.
21 verbose readDependencies loading dependencies from /home/ubuntu/workspace/url_shortener/package.json
22 silly cache add args [ 'dotev', null ]
23 verbose cache add spec dotev
24 silly cache add parsed spec Result {
24 silly cache add   raw: 'dotev',
24 silly cache add   scope: null,
24 silly cache add   name: 'dotev',
24 silly cache add   rawSpec: '',
24 silly cache add   spec: 'latest',
24 silly cache add   type: 'tag' }
25 silly addNamed dotev@latest
26 verbose addNamed "latest" is being treated as a dist-tag for dotev
27 info addNameTag [ 'dotev', 'latest' ]
28 silly mapToRegistry name dotev
29 silly mapToRegistry using default registry
30 silly mapToRegistry registry https://registry.npmjs.org/
31 silly mapToRegistry data Result {
31 silly mapToRegistry   raw: 'dotev',
31 silly mapToRegistry   scope: null,
31 silly mapToRegistry   name: 'dotev',
31 silly mapToRegistry   rawSpec: '',
31 silly mapToRegistry   spec: 'latest',
31 silly mapToRegistry   type: 'tag' }
32 silly mapToRegistry uri https://registry.npmjs.org/dotev
33 verbose addNameTag registry:https://registry.npmjs.org/dotev not in flight; fetching
34 verbose request uri https://registry.npmjs.org/dotev
35 verbose request no auth needed
36 info attempt registry request try #1 at 1:00:21 PM
37 verbose request id c630ac18d18f6201
38 http request GET https://registry.npmjs.org/dotev
39 http 404 https://registry.npmjs.org/dotev
40 verbose headers { 'content-type': 'application/json',
40 verbose headers   'cache-control': 'max-age=0',
40 verbose headers   'content-length': '2',
40 verbose headers   'accept-ranges': 'bytes',
40 verbose headers   date: 'Thu, 02 Feb 2017 13:00:22 GMT',
40 verbose headers   via: '1.1 varnish',
40 verbose headers   age: '0',
40 verbose headers   connection: 'keep-alive',
40 verbose headers   'x-served-by': 'cache-lhr6348-LHR',
40 verbose headers   'x-cache': 'MISS',
40 verbose headers   'x-cache-hits': '0',
40 verbose headers   'x-timer': 'S1486040421.723656,VS0,VE394',
40 verbose headers   vary: 'Accept-Encoding' }
41 silly get cb [ 404,
41 silly get   { 'content-type': 'application/json',
41 silly get     'cache-control': 'max-age=0',
41 silly get     'content-length': '2',
41 silly get     'accept-ranges': 'bytes',
41 silly get     date: 'Thu, 02 Feb 2017 13:00:22 GMT',
41 silly get     via: '1.1 varnish',
41 silly get     age: '0',
41 silly get     connection: 'keep-alive',
41 silly get     'x-served-by': 'cache-lhr6348-LHR',
41 silly get     'x-cache': 'MISS',
41 silly get     'x-cache-hits': '0',
41 silly get     'x-timer': 'S1486040421.723656,VS0,VE394',
41 silly get     vary: 'Accept-Encoding' } ]
42 verbose stack Error: Registry returned 404 for GET on https://registry.npmjs.org/dotev
42 verbose stack     at makeError (/home/ubuntu/.nvm/versions/node/v4.6.1/lib/node_modules/npm/node_modules/npm-registry-client/lib/request.js:264:12)
42 verbose stack     at CachingRegistryClient.<anonymous> (/home/ubuntu/.nvm/versions/node/v4.6.1/lib/node_modules/npm/node_modules/npm-registry-client/lib/request.js:242:14)
42 verbose stack     at Request._callback (/home/ubuntu/.nvm/versions/node/v4.6.1/lib/node_modules/npm/node_modules/npm-registry-client/lib/request.js:172:14)
42 verbose stack     at Request.self.callback (/home/ubuntu/.nvm/versions/node/v4.6.1/lib/node_modules/npm/node_modules/request/request.js:200:22)
42 verbose stack     at emitTwo (events.js:87:13)
42 verbose stack     at Request.emit (events.js:172:7)
42 verbose stack     at Request.<anonymous> (/home/ubuntu/.nvm/versions/node/v4.6.1/lib/node_modules/npm/node_modules/request/request.js:1067:10)
42 verbose stack     at emitOne (events.js:82:20)
42 verbose stack     at Request.emit (events.js:169:7)
42 verbose stack     at IncomingMessage.<anonymous> (/home/ubuntu/.nvm/versions/node/v4.6.1/lib/node_modules/npm/node_modules/request/request.js:988:12)
43 verbose statusCode 404
44 verbose pkgid dotev
45 verbose cwd /home/ubuntu/workspace/url_shortener
46 error Linux 4.8.2-c9
47 error argv "/home/ubuntu/.nvm/versions/node/v4.6.1/bin/node" "/home/ubuntu/.nvm/versions/node/v4.6.1/bin/npm" "install" "dotev" "--save"
48 error node v4.6.1
49 error npm  v2.15.9
50 error code E404
51 error 404 Registry returned 404 for GET on https://registry.npmjs.org/dotev
51 error 404
51 error 404 'dotev' is not in the npm registry.
51 error 404 You should bug the author to publish it (or use the name yourself!)
51 error 404 It was specified as a dependency of 'url_shortener'
51 error 404
51 error 404 Note that you can also install from a
51 error 404 tarball, folder, http url, or git url.
52 verbose exit [ 1, true ]
